This is pdfTeX, Version 3.14159265-2.6-1.40.20 (TeX Live 2019/W32TeX) (preloaded format=pdflatex 2019.10.22)  22 OCT 2019 14:56
entering extended mode
 restricted \write18 enabled.
 %&-line parsing enabled.
**techreport.tex
(./techreport.tex
LaTeX2e <2019-10-01> patch level 1

(c:/Users/andersoned/AppData/Roaming/TinyTeX/texmf-dist/tex/latex/base/article.
cls
Document Class: article 2019/08/27 v1.4j Standard LaTeX document class

(c:/Users/andersoned/AppData/Roaming/TinyTeX/texmf-dist/tex/latex/base/size12.c
lo
File: size12.clo 2019/08/27 v1.4j Standard LaTeX file (size option)
)
\c@part=\count80
\c@section=\count81
\c@subsection=\count82
\c@subsubsection=\count83
\c@paragraph=\count84
\c@subparagraph=\count85
\c@figure=\count86
\c@table=\count87
\abovecaptionskip=\skip41
\belowcaptionskip=\skip42
\bibindent=\dimen102
)
(c:/Users/andersoned/AppData/Roaming/TinyTeX/texmf-dist/tex/latex/graphics/grap
hicx.sty
Package: graphicx 2017/06/01 v1.1a Enhanced LaTeX Graphics (DPC,SPQR)

(c:/Users/andersoned/AppData/Roaming/TinyTeX/texmf-dist/tex/latex/graphics/keyv
al.sty
Package: keyval 2014/10/28 v1.15 key=value parser (DPC)
\KV@toks@=\toks14
)
(c:/Users/andersoned/AppData/Roaming/TinyTeX/texmf-dist/tex/latex/graphics/grap
hics.sty
Package: graphics 2019/10/08 v1.3c Standard LaTeX Graphics (DPC,SPQR)

(c:/Users/andersoned/AppData/Roaming/TinyTeX/texmf-dist/tex/latex/graphics/trig
.sty
Package: trig 2016/01/03 v1.10 sin cos tan (DPC)
)
(c:/Users/andersoned/AppData/Roaming/TinyTeX/texmf-dist/tex/latex/graphics-cfg/
graphics.cfg
File: graphics.cfg 2016/06/04 v1.11 sample graphics configuration
)
Package graphics Info: Driver file: pdftex.def on input line 105.

(c:/Users/andersoned/AppData/Roaming/TinyTeX/texmf-dist/tex/latex/graphics-def/
pdftex.def
File: pdftex.def 2018/01/08 v1.0l Graphics/color driver for pdftex
))
\Gin@req@height=\dimen103
\Gin@req@width=\dimen104
)
(c:/Users/andersoned/AppData/Roaming/TinyTeX/texmf-dist/tex/latex/graphics/colo
r.sty
Package: color 2016/07/10 v1.1e Standard LaTeX Color (DPC)

(c:/Users/andersoned/AppData/Roaming/TinyTeX/texmf-dist/tex/latex/graphics-cfg/
color.cfg
File: color.cfg 2016/01/02 v1.6 sample color configuration
)
Package color Info: Driver file: pdftex.def on input line 147.
)
(c:/Users/andersoned/AppData/Roaming/TinyTeX/texmf-dist/tex/latex/framed/framed
.sty
Package: framed 2011/10/22 v 0.96: framed or shaded text with page breaks
\OuterFrameSep=\skip43
\fb@frw=\dimen105
\fb@frh=\dimen106
\FrameRule=\dimen107
\FrameSep=\dimen108
)
(c:/Users/andersoned/AppData/Roaming/TinyTeX/texmf-dist/tex/latex/base/alltt.st
y
Package: alltt 1997/06/16 v2.0g defines alltt environment
) (./csas-style/tech-report.sty
(c:/Users/andersoned/AppData/Roaming/TinyTeX/texmf-dist/tex/latex/fancyhdr/fanc
yhdr.sty
Package: fancyhdr 2019/01/31 v3.10 Extensive control of page headers and footer
s
\f@nch@headwidth=\skip44
\f@nch@O@elh=\skip45
\f@nch@O@erh=\skip46
\f@nch@O@olh=\skip47
\f@nch@O@orh=\skip48
\f@nch@O@elf=\skip49
\f@nch@O@erf=\skip50
\f@nch@O@olf=\skip51
\f@nch@O@orf=\skip52
)
(c:/Users/andersoned/AppData/Roaming/TinyTeX/texmf-dist/tex/latex/booktabs/book
tabs.sty
Package: booktabs 2019/10/08 v1.6180339 publication quality tables
\heavyrulewidth=\dimen109
\lightrulewidth=\dimen110
\cmidrulewidth=\dimen111
\belowrulesep=\dimen112
\belowbottomsep=\dimen113
\aboverulesep=\dimen114
\abovetopsep=\dimen115
\cmidrulesep=\dimen116
\cmidrulekern=\dimen117
\defaultaddspace=\dimen118
\@cmidla=\count88
\@cmidlb=\count89
\@aboverulesep=\dimen119
\@belowrulesep=\dimen120
\@thisruleclass=\count90
\@lastruleclass=\count91
\@thisrulewidth=\dimen121
)
(c:/Users/andersoned/AppData/Roaming/TinyTeX/texmf-dist/tex/latex/base/textcomp
.sty
Package: textcomp 2018/08/11 v2.0j Standard LaTeX package
Package textcomp Info: Sub-encoding information:
(textcomp)               5 = only ISO-Adobe without \textcurrency
(textcomp)               4 = 5 + \texteuro
(textcomp)               3 = 4 + \textohm
(textcomp)               2 = 3 + \textestimated + \textcurrency
(textcomp)               1 = TS1 - \textcircled - \t
(textcomp)               0 = TS1 (full)
(textcomp)             Font families with sub-encoding setting implement
(textcomp)             only a restricted character set as indicated.
(textcomp)             Family '?' is the default used for unknown fonts.
(textcomp)             See the documentation for details.
Package textcomp Info: Setting ? sub-encoding to TS1/1 on input line 79.

(c:/Users/andersoned/AppData/Roaming/TinyTeX/texmf-dist/tex/latex/base/ts1enc.d
ef
File: ts1enc.def 2001/06/05 v3.0e (jk/car/fm) Standard LaTeX file
Now handling font encoding TS1 ...
... processing UTF-8 mapping file for font encoding TS1

(c:/Users/andersoned/AppData/Roaming/TinyTeX/texmf-dist/tex/latex/base/ts1enc.d
fu
File: ts1enc.dfu 2019/07/11 v1.2j UTF-8 support for inputenc
   defining Unicode char U+00A2 (decimal 162)
   defining Unicode char U+00A3 (decimal 163)
   defining Unicode char U+00A4 (decimal 164)
   defining Unicode char U+00A5 (decimal 165)
   defining Unicode char U+00A6 (decimal 166)
   defining Unicode char U+00A7 (decimal 167)
   defining Unicode char U+00A8 (decimal 168)
   defining Unicode char U+00A9 (decimal 169)
   defining Unicode char U+00AA (decimal 170)
   defining Unicode char U+00AC (decimal 172)
   defining Unicode char U+00AE (decimal 174)
   defining Unicode char U+00AF (decimal 175)
   defining Unicode char U+00B0 (decimal 176)
   defining Unicode char U+00B1 (decimal 177)
   defining Unicode char U+00B2 (decimal 178)
   defining Unicode char U+00B3 (decimal 179)
   defining Unicode char U+00B4 (decimal 180)
   defining Unicode char U+00B5 (decimal 181)
   defining Unicode char U+00B6 (decimal 182)
   defining Unicode char U+00B7 (decimal 183)
   defining Unicode char U+00B9 (decimal 185)
   defining Unicode char U+00BA (decimal 186)
   defining Unicode char U+00BC (decimal 188)
   defining Unicode char U+00BD (decimal 189)
   defining Unicode char U+00BE (decimal 190)
   defining Unicode char U+00D7 (decimal 215)
   defining Unicode char U+00F7 (decimal 247)
   defining Unicode char U+0192 (decimal 402)
   defining Unicode char U+02C7 (decimal 711)
   defining Unicode char U+02D8 (decimal 728)
   defining Unicode char U+02DD (decimal 733)
   defining Unicode char U+0E3F (decimal 3647)
   defining Unicode char U+2016 (decimal 8214)
   defining Unicode char U+2020 (decimal 8224)
   defining Unicode char U+2021 (decimal 8225)
   defining Unicode char U+2022 (decimal 8226)
   defining Unicode char U+2030 (decimal 8240)
   defining Unicode char U+2031 (decimal 8241)
   defining Unicode char U+203B (decimal 8251)
   defining Unicode char U+203D (decimal 8253)
   defining Unicode char U+2044 (decimal 8260)
   defining Unicode char U+204E (decimal 8270)
   defining Unicode char U+2052 (decimal 8274)
   defining Unicode char U+20A1 (decimal 8353)
   defining Unicode char U+20A4 (decimal 8356)
   defining Unicode char U+20A6 (decimal 8358)
   defining Unicode char U+20A9 (decimal 8361)
   defining Unicode char U+20AB (decimal 8363)
   defining Unicode char U+20AC (decimal 8364)
   defining Unicode char U+20B1 (decimal 8369)
   defining Unicode char U+2103 (decimal 8451)
   defining Unicode char U+2116 (decimal 8470)
   defining Unicode char U+2117 (decimal 8471)
   defining Unicode char U+211E (decimal 8478)
   defining Unicode char U+2120 (decimal 8480)
   defining Unicode char U+2122 (decimal 8482)
   defining Unicode char U+2126 (decimal 8486)
   defining Unicode char U+2127 (decimal 8487)
   defining Unicode char U+212E (decimal 8494)
   defining Unicode char U+2190 (decimal 8592)
   defining Unicode char U+2191 (decimal 8593)
   defining Unicode char U+2192 (decimal 8594)
   defining Unicode char U+2193 (decimal 8595)
   defining Unicode char U+2329 (decimal 9001)
   defining Unicode char U+232A (decimal 9002)
   defining Unicode char U+2422 (decimal 9250)
   defining Unicode char U+25E6 (decimal 9702)
   defining Unicode char U+25EF (decimal 9711)
   defining Unicode char U+266A (decimal 9834)
   defining Unicode char U+27E8 (decimal 10216)
   defining Unicode char U+27E9 (decimal 10217)
   defining Unicode char U+FEFF (decimal 65279)
))
LaTeX Info: Redefining \oldstylenums on input line 334.
Package textcomp Info: Setting cmr sub-encoding to TS1/0 on input line 349.
Package textcomp Info: Setting cmss sub-encoding to TS1/0 on input line 350.
Package textcomp Info: Setting cmtt sub-encoding to TS1/0 on input line 351.
Package textcomp Info: Setting cmvtt sub-encoding to TS1/0 on input line 352.
Package textcomp Info: Setting cmbr sub-encoding to TS1/0 on input line 353.
Package textcomp Info: Setting cmtl sub-encoding to TS1/0 on input line 354.
Package textcomp Info: Setting ccr sub-encoding to TS1/0 on input line 355.
Package textcomp Info: Setting ptm sub-encoding to TS1/4 on input line 356.
Package textcomp Info: Setting pcr sub-encoding to TS1/4 on input line 357.
Package textcomp Info: Setting phv sub-encoding to TS1/4 on input line 358.
Package textcomp Info: Setting ppl sub-encoding to TS1/3 on input line 359.
Package textcomp Info: Setting pag sub-encoding to TS1/4 on input line 360.
Package textcomp Info: Setting pbk sub-encoding to TS1/4 on input line 361.
Package textcomp Info: Setting pnc sub-encoding to TS1/4 on input line 362.
Package textcomp Info: Setting pzc sub-encoding to TS1/4 on input line 363.
Package textcomp Info: Setting bch sub-encoding to TS1/4 on input line 364.
Package textcomp Info: Setting put sub-encoding to TS1/5 on input line 365.
Package textcomp Info: Setting uag sub-encoding to TS1/5 on input line 366.
Package textcomp Info: Setting ugq sub-encoding to TS1/5 on input line 367.
Package textcomp Info: Setting ul8 sub-encoding to TS1/4 on input line 368.
Package textcomp Info: Setting ul9 sub-encoding to TS1/4 on input line 369.
Package textcomp Info: Setting augie sub-encoding to TS1/5 on input line 370.
Package textcomp Info: Setting dayrom sub-encoding to TS1/3 on input line 371.
Package textcomp Info: Setting dayroms sub-encoding to TS1/3 on input line 372.

Package textcomp Info: Setting pxr sub-encoding to TS1/0 on input line 373.
Package textcomp Info: Setting pxss sub-encoding to TS1/0 on input line 374.
Package textcomp Info: Setting pxtt sub-encoding to TS1/0 on input line 375.
Package textcomp Info: Setting txr sub-encoding to TS1/0 on input line 376.
Package textcomp Info: Setting txss sub-encoding to TS1/0 on input line 377.
Package textcomp Info: Setting txtt sub-encoding to TS1/0 on input line 378.
Package textcomp Info: Setting lmr sub-encoding to TS1/0 on input line 379.
Package textcomp Info: Setting lmdh sub-encoding to TS1/0 on input line 380.
Package textcomp Info: Setting lmss sub-encoding to TS1/0 on input line 381.
Package textcomp Info: Setting lmssq sub-encoding to TS1/0 on input line 382.
Package textcomp Info: Setting lmvtt sub-encoding to TS1/0 on input line 383.
Package textcomp Info: Setting lmtt sub-encoding to TS1/0 on input line 384.
Package textcomp Info: Setting qhv sub-encoding to TS1/0 on input line 385.
Package textcomp Info: Setting qag sub-encoding to TS1/0 on input line 386.
Package textcomp Info: Setting qbk sub-encoding to TS1/0 on input line 387.
Package textcomp Info: Setting qcr sub-encoding to TS1/0 on input line 388.
Package textcomp Info: Setting qcs sub-encoding to TS1/0 on input line 389.
Package textcomp Info: Setting qpl sub-encoding to TS1/0 on input line 390.
Package textcomp Info: Setting qtm sub-encoding to TS1/0 on input line 391.
Package textcomp Info: Setting qzc sub-encoding to TS1/0 on input line 392.
Package textcomp Info: Setting qhvc sub-encoding to TS1/0 on input line 393.
Package textcomp Info: Setting futs sub-encoding to TS1/4 on input line 394.
Package textcomp Info: Setting futx sub-encoding to TS1/4 on input line 395.
Package textcomp Info: Setting futj sub-encoding to TS1/4 on input line 396.
Package textcomp Info: Setting hlh sub-encoding to TS1/3 on input line 397.
Package textcomp Info: Setting hls sub-encoding to TS1/3 on input line 398.
Package textcomp Info: Setting hlst sub-encoding to TS1/3 on input line 399.
Package textcomp Info: Setting hlct sub-encoding to TS1/5 on input line 400.
Package textcomp Info: Setting hlx sub-encoding to TS1/5 on input line 401.
Package textcomp Info: Setting hlce sub-encoding to TS1/5 on input line 402.
Package textcomp Info: Setting hlcn sub-encoding to TS1/5 on input line 403.
Package textcomp Info: Setting hlcw sub-encoding to TS1/5 on input line 404.
Package textcomp Info: Setting hlcf sub-encoding to TS1/5 on input line 405.
Package textcomp Info: Setting pplx sub-encoding to TS1/3 on input line 406.
Package textcomp Info: Setting pplj sub-encoding to TS1/3 on input line 407.
Package textcomp Info: Setting ptmx sub-encoding to TS1/4 on input line 408.
Package textcomp Info: Setting ptmj sub-encoding to TS1/4 on input line 409.
)
(c:/Users/andersoned/AppData/Roaming/TinyTeX/texmf-dist/tex/latex/was/gensymb.s
ty
Package: gensymb 2003/07/02 v1.0 (WaS)
)
(c:/Users/andersoned/AppData/Roaming/TinyTeX/texmf-dist/tex/latex/lineno/lineno
.sty
Package: lineno 2005/11/02 line numbers on paragraphs v4.41
\linenopenalty=\count92
\output=\toks15
\linenoprevgraf=\count93
\linenumbersep=\dimen122
\linenumberwidth=\dimen123
\c@linenumber=\count94
\c@pagewiselinenumber=\count95
\c@LN@truepage=\count96
\c@internallinenumber=\count97
\c@internallinenumbers=\count98
\quotelinenumbersep=\dimen124
\bframerule=\dimen125
\bframesep=\dimen126
\bframebox=\box27
LaTeX Info: Redefining \\ on input line 3056.
)
(c:/Users/andersoned/AppData/Roaming/TinyTeX/texmf-dist/tex/latex/tools/longtab
le.sty
Package: longtable 2019/02/06 v4.12 Multi-page Table package (DPC)
\LTleft=\skip53
\LTright=\skip54
\LTpre=\skip55
\LTpost=\skip56
\LTchunksize=\count99
\LTcapwidth=\dimen127
\LT@head=\box28
\LT@firsthead=\box29
\LT@foot=\box30
\LT@lastfoot=\box31
\LT@cols=\count100
\LT@rows=\count101
\c@LT@tables=\count102
\c@LT@chunks=\count103
\LT@p@ftn=\toks16
)
(c:/Users/andersoned/AppData/Roaming/TinyTeX/texmf-dist/tex/latex/amsmath/amsma
th.sty
Package: amsmath 2019/04/01 v2.17c AMS math features
\@mathmargin=\skip57
For additional information on amsmath, use the `?' option.

(c:/Users/andersoned/AppData/Roaming/TinyTeX/texmf-dist/tex/latex/amsmath/amste
xt.sty
Package: amstext 2000/06/29 v2.01 AMS text

(c:/Users/andersoned/AppData/Roaming/TinyTeX/texmf-dist/tex/latex/amsmath/amsge
n.sty
File: amsgen.sty 1999/11/30 v2.0 generic functions
\@emptytoks=\toks17
\ex@=\dimen128
))
(c:/Users/andersoned/AppData/Roaming/TinyTeX/texmf-dist/tex/latex/amsmath/amsbs
y.sty
Package: amsbsy 1999/11/29 v1.2d Bold Symbols
\pmbraise@=\dimen129
)
(c:/Users/andersoned/AppData/Roaming/TinyTeX/texmf-dist/tex/latex/amsmath/amsop
n.sty
Package: amsopn 2016/03/08 v2.02 operator names
)
\inf@bad=\count104
LaTeX Info: Redefining \frac on input line 227.
\uproot@=\count105
\leftroot@=\count106
LaTeX Info: Redefining \overline on input line 389.
\classnum@=\count107
\DOTSCASE@=\count108
LaTeX Info: Redefining \ldots on input line 486.
LaTeX Info: Redefining \dots on input line 489.
LaTeX Info: Redefining \cdots on input line 610.
\Mathstrutbox@=\box32
\strutbox@=\box33
\big@size=\dimen130
LaTeX Font Info:    Redeclaring font encoding OML on input line 733.
LaTeX Font Info:    Redeclaring font encoding OMS on input line 734.
\macc@depth=\count109
\c@MaxMatrixCols=\count110
\dotsspace@=\muskip10
\c@parentequation=\count111
\dspbrk@lvl=\count112
\tag@help=\toks18
\row@=\count113
\column@=\count114
\maxfields@=\count115
\andhelp@=\toks19
\eqnshift@=\dimen131
\alignsep@=\dimen132
\tagshift@=\dimen133
\tagwidth@=\dimen134
\totwidth@=\dimen135
\lineht@=\dimen136
\@envbody=\toks20
\multlinegap=\skip58
\multlinetaggap=\skip59
\mathdisplay@stack=\toks21
LaTeX Info: Redefining \[ on input line 2855.
LaTeX Info: Redefining \] on input line 2856.
)
(c:/Users/andersoned/AppData/Roaming/TinyTeX/texmf-dist/tex/latex/microtype/mic
rotype.sty
Package: microtype 2019/02/28 v2.7b Micro-typographical refinements (RS)
\MT@toks=\toks22
\MT@count=\count116
LaTeX Info: Redefining \textls on input line 790.
\MT@outer@kern=\dimen137
LaTeX Info: Redefining \textmicrotypecontext on input line 1336.
\MT@listname@count=\count117

(c:/Users/andersoned/AppData/Roaming/TinyTeX/texmf-dist/tex/latex/microtype/mic
rotype-pdftex.def
File: microtype-pdftex.def 2019/02/28 v2.7b Definitions specific to pdftex (RS)

LaTeX Info: Redefining \lsstyle on input line 914.
LaTeX Info: Redefining \lslig on input line 914.
\MT@outer@space=\skip60
)
Package microtype Info: Loading configuration file microtype.cfg.

(c:/Users/andersoned/AppData/Roaming/TinyTeX/texmf-dist/tex/latex/microtype/mic
rotype.cfg
File: microtype.cfg 2019/02/28 v2.7b microtype main configuration file (RS)
)) (c:/Users/andersoned/AppData/Roaming/TinyTeX/texmf-dist/tex/latex/url/url.st
y
\Urlmuskip=\muskip11
Package: url 2013/09/16  ver 3.4  Verb mode for urls, etc.
)
(c:/Users/andersoned/AppData/Roaming/TinyTeX/texmf-dist/tex/latex/setspace/sets
pace.sty
Package: setspace 2011/12/19 v6.7a set line spacing
)
(c:/Users/andersoned/AppData/Roaming/TinyTeX/texmf-dist/tex/latex/lastpage/last
page.sty
Package: lastpage 2015/03/29 v1.2m Refers to last page's name (HMM; JPG)
)
(c:/Users/andersoned/AppData/Roaming/TinyTeX/texmf-dist/tex/latex/tocbibind/toc
bibind.sty
Package: tocbibind 2010/10/13 v1.5k extra ToC listings
Package tocbibind Info: The document has section divisions on input line 50.

Package tocbibind Note: Using section or other style headings.

)
(c:/Users/andersoned/AppData/Roaming/TinyTeX/texmf-dist/tex/latex/hanging/hangi
ng.sty
Package: hanging 2009/09/02 v1.2b hanging paragraphs and punctuation
\h@ngcommawd=\skip61
\h@ngfstopwd=\skip62
\h@ngquotewd=\skip63
\h@ngdquotewd=\skip64
\h@ngquerywd=\skip65
\h@ngexclwd=\skip66
\h@ngcolonwd=\skip67
\h@ngscolonwd=\skip68
)
(c:/Users/andersoned/AppData/Roaming/TinyTeX/texmf-dist/tex/latex/placeins/plac
eins.sty
Package: placeins 2005/04/18  v 2.2
)
(c:/Users/andersoned/AppData/Roaming/TinyTeX/texmf-dist/tex/latex/base/flafter.
sty
Package: flafter 2018/11/28 v1.4d Standard LaTeX floats after reference (FMi)
Applying: [2015/01/01] float order in 2-column on input line 49.
Already applied: [0000/00/00] float order in 2-column on input line 151.
)
(c:/Users/andersoned/AppData/Roaming/TinyTeX/texmf-dist/tex/latex/sectsty/sects
ty.sty
Package: sectsty 2002/02/25 v2.0.2 Commands to change all sectional heading sty
les

LaTeX Warning: Command \underbar  has changed.
               Check if current package is valid.


LaTeX Warning: Command \underline  has changed.
               Check if current package is valid.

)
(c:/Users/andersoned/AppData/Roaming/TinyTeX/texmf-dist/tex/generic/babel/babel
.sty
Package: babel 2019/10/15 3.35 The Babel package

(c:/Users/andersoned/AppData/Roaming/TinyTeX/texmf-dist/tex/generic/babel/switc
h.def
File: switch.def 2019/10/15 3.35 Babel switching mechanism
)
(c:/Users/andersoned/AppData/Roaming/TinyTeX/texmf-dist/tex/generic/babel-engli
sh/english.ldf
Language: english 2017/06/06 v3.3r English support from the babel system

(c:/Users/andersoned/AppData/Roaming/TinyTeX/texmf-dist/tex/generic/babel/babel
.def
File: babel.def 2019/10/15 3.35 Babel common definitions
\babel@savecnt=\count118
\U@D=\dimen138

(c:/Users/andersoned/AppData/Roaming/TinyTeX/texmf-dist/tex/generic/babel/txtba
bel.def)
\bbl@dirlevel=\count119
)
\l@british = a dialect from \language\l@english 
\l@UKenglish = a dialect from \language\l@english 
\l@canadian = a dialect from \language\l@american 
\l@australian = a dialect from \language\l@british 
\l@newzealand = a dialect from \language\l@british 
))
(c:/Users/andersoned/AppData/Roaming/TinyTeX/texmf-dist/tex/latex/titlecaps/tit
lecaps.sty
Package: titlecaps 2015/01/30 V1.2 Routines for setting rich-text input into Ti
tling Caps

(c:/Users/andersoned/AppData/Roaming/TinyTeX/texmf-dist/tex/latex/ifnextok/ifne
xtok.sty
Package: ifnextok 2011/06/27 v0.3 test next token (UL)
)
(c:/Users/andersoned/AppData/Roaming/TinyTeX/texmf-dist/tex/latex/base/ifthen.s
ty
Package: ifthen 2014/09/29 v1.1c Standard LaTeX ifthen package (DPC)
)
\c@lcword@index=\count120
\c@word@count=\count121
\c@lc@words=\count122
\c@dia@count=\count123
\c@arg@@@index=\count124
)
(c:/Users/andersoned/AppData/Roaming/TinyTeX/texmf-dist/tex/latex/textcase/text
case.sty
Package: textcase 2004/10/07 v0.07 Text only upper/lower case changing (DPC)
)
(c:/Users/andersoned/AppData/Roaming/TinyTeX/texmf-dist/tex/latex/caption/capti
on.sty
Package: caption 2019/09/01 v3.3d Customizing captions (AR)

(c:/Users/andersoned/AppData/Roaming/TinyTeX/texmf-dist/tex/latex/caption/capti
on3.sty
Package: caption3 2019/09/01 v1.8d caption3 kernel (AR)
Package caption3 Info: TeX engine: e-TeX on input line 64.
\captionmargin=\dimen139
\captionmargin@=\dimen140
\captionwidth=\dimen141
\caption@tempdima=\dimen142
\caption@indent=\dimen143
\caption@parindent=\dimen144
\caption@hangindent=\dimen145
)
\c@caption@flags=\count125
\c@ContinuedFloat=\count126
Package caption Info: longtable package is loaded.

(c:/Users/andersoned/AppData/Roaming/TinyTeX/texmf-dist/tex/latex/caption/ltcap
tion.sty
Package: ltcaption 2018/08/26 v1.4a longtable captions (AR)
))
(c:/Users/andersoned/AppData/Roaming/TinyTeX/texmf-dist/tex/latex/lm/lmodern.st
y
Package: lmodern 2009/10/30 v1.6 Latin Modern Fonts
LaTeX Font Info:    Overwriting symbol font `operators' in version `normal'
(Font)                  OT1/cmr/m/n --> OT1/lmr/m/n on input line 22.
LaTeX Font Info:    Overwriting symbol font `letters' in version `normal'
(Font)                  OML/cmm/m/it --> OML/lmm/m/it on input line 23.
LaTeX Font Info:    Overwriting symbol font `symbols' in version `normal'
(Font)                  OMS/cmsy/m/n --> OMS/lmsy/m/n on input line 24.
LaTeX Font Info:    Overwriting symbol font `largesymbols' in version `normal'
(Font)                  OMX/cmex/m/n --> OMX/lmex/m/n on input line 25.
LaTeX Font Info:    Overwriting symbol font `operators' in version `bold'
(Font)                  OT1/cmr/bx/n --> OT1/lmr/bx/n on input line 26.
LaTeX Font Info:    Overwriting symbol font `letters' in version `bold'
(Font)                  OML/cmm/b/it --> OML/lmm/b/it on input line 27.
LaTeX Font Info:    Overwriting symbol font `symbols' in version `bold'
(Font)                  OMS/cmsy/b/n --> OMS/lmsy/b/n on input line 28.
LaTeX Font Info:    Overwriting symbol font `largesymbols' in version `bold'
(Font)                  OMX/cmex/m/n --> OMX/lmex/m/n on input line 29.
LaTeX Font Info:    Overwriting math alphabet `\mathbf' in version `normal'
(Font)                  OT1/cmr/bx/n --> OT1/lmr/bx/n on input line 31.
LaTeX Font Info:    Overwriting math alphabet `\mathsf' in version `normal'
(Font)                  OT1/cmss/m/n --> OT1/lmss/m/n on input line 32.
LaTeX Font Info:    Overwriting math alphabet `\mathit' in version `normal'
(Font)                  OT1/cmr/m/it --> OT1/lmr/m/it on input line 33.
LaTeX Font Info:    Overwriting math alphabet `\mathtt' in version `normal'
(Font)                  OT1/cmtt/m/n --> OT1/lmtt/m/n on input line 34.
LaTeX Font Info:    Overwriting math alphabet `\mathbf' in version `bold'
(Font)                  OT1/cmr/bx/n --> OT1/lmr/bx/n on input line 35.
LaTeX Font Info:    Overwriting math alphabet `\mathsf' in version `bold'
(Font)                  OT1/cmss/bx/n --> OT1/lmss/bx/n on input line 36.
LaTeX Font Info:    Overwriting math alphabet `\mathit' in version `bold'
(Font)                  OT1/cmr/bx/it --> OT1/lmr/bx/it on input line 37.
LaTeX Font Info:    Overwriting math alphabet `\mathtt' in version `bold'
(Font)                  OT1/cmtt/m/n --> OT1/lmtt/m/n on input line 38.
)
(c:/Users/andersoned/AppData/Roaming/TinyTeX/texmf-dist/tex/latex/tools/calc.st
y
Package: calc 2017/05/25 v4.3 Infix arithmetic (KKT,FJ)
\calc@Acount=\count127
\calc@Bcount=\count128
\calc@Adimen=\dimen146
\calc@Bdimen=\dimen147
\calc@Askip=\skip69
\calc@Bskip=\skip70
LaTeX Info: Redefining \setlength on input line 80.
LaTeX Info: Redefining \addtolength on input line 81.
\calc@Ccount=\count129
\calc@Cskip=\skip71
)
(c:/Users/andersoned/AppData/Roaming/TinyTeX/texmf-dist/tex/latex/natbib/natbib
.sty
Package: natbib 2010/09/13 8.31b (PWD, AO)
\bibhang=\skip72
\bibsep=\skip73
LaTeX Info: Redefining \cite on input line 694.
\c@NAT@ctr=\count130
)
(c:/Users/andersoned/AppData/Roaming/TinyTeX/texmf-dist/tex/latex/hyperref/hype
rref.sty
Package: hyperref 2019/09/28 v7.00a Hypertext links for LaTeX

(c:/Users/andersoned/AppData/Roaming/TinyTeX/texmf-dist/tex/generic/oberdiek/ho
bsub-hyperref.sty
Package: hobsub-hyperref 2016/05/16 v1.14 Bundle oberdiek, subset hyperref (HO)


(c:/Users/andersoned/AppData/Roaming/TinyTeX/texmf-dist/tex/generic/oberdiek/ho
bsub-generic.sty
Package: hobsub-generic 2016/05/16 v1.14 Bundle oberdiek, subset generic (HO)
Package: hobsub 2016/05/16 v1.14 Construct package bundles (HO)
Package: infwarerr 2016/05/16 v1.4 Providing info/warning/error messages (HO)
Package: ltxcmds 2016/05/16 v1.23 LaTeX kernel commands for general use (HO)
Package: ifluatex 2016/05/16 v1.4 Provides the ifluatex switch (HO)
Package ifluatex Info: LuaTeX not detected.
Package: ifvtex 2016/05/16 v1.6 Detect VTeX and its facilities (HO)
Package ifvtex Info: VTeX not detected.
Package: intcalc 2016/05/16 v1.2 Expandable calculations with integers (HO)
Package: ifpdf 2018/09/07 v3.3 Provides the ifpdf switch
Package: etexcmds 2016/05/16 v1.6 Avoid name clashes with e-TeX commands (HO)
Package: kvsetkeys 2016/05/16 v1.17 Key value parser (HO)
Package: kvdefinekeys 2016/05/16 v1.4 Define keys (HO)
Package: pdftexcmds 2019/07/25 v0.30 Utility functions of pdfTeX for LuaTeX (HO
)
Package pdftexcmds Info: LuaTeX not detected.
Package pdftexcmds Info: \pdf@primitive is available.
Package pdftexcmds Info: \pdf@ifprimitive is available.
Package pdftexcmds Info: \pdfdraftmode found.
Package: pdfescape 2016/05/16 v1.14 Implements pdfTeX's escape features (HO)
Package: bigintcalc 2016/05/16 v1.4 Expandable calculations on big integers (HO
)
Package: bitset 2016/05/16 v1.2 Handle bit-vector datatype (HO)
Package: uniquecounter 2016/05/16 v1.3 Provide unlimited unique counter (HO)
)
Package hobsub Info: Skipping package `hobsub' (already loaded).
Package: letltxmacro 2016/05/16 v1.5 Let assignment for LaTeX macros (HO)
Package: hopatch 2016/05/16 v1.3 Wrapper for package hooks (HO)
Package: xcolor-patch 2016/05/16 xcolor patch
Package: atveryend 2016/05/16 v1.9 Hooks at the very end of document (HO)
Package atveryend Info: \enddocument detected (standard20110627).
Package: atbegshi 2016/06/09 v1.18 At begin shipout hook (HO)
Package: refcount 2016/05/16 v3.5 Data extraction from label references (HO)
Package: hycolor 2016/05/16 v1.8 Color options for hyperref/bookmark (HO)
)
(c:/Users/andersoned/AppData/Roaming/TinyTeX/texmf-dist/tex/generic/ifxetex/ifx
etex.sty
Package: ifxetex 2010/09/12 v0.6 Provides ifxetex conditional
)
(c:/Users/andersoned/AppData/Roaming/TinyTeX/texmf-dist/tex/latex/oberdiek/auxh
ook.sty
Package: auxhook 2016/05/16 v1.4 Hooks for auxiliary files (HO)
)
(c:/Users/andersoned/AppData/Roaming/TinyTeX/texmf-dist/tex/latex/oberdiek/kvop
tions.sty
Package: kvoptions 2016/05/16 v3.12 Key value format for package options (HO)
)
\@linkdim=\dimen148
\Hy@linkcounter=\count131
\Hy@pagecounter=\count132

(c:/Users/andersoned/AppData/Roaming/TinyTeX/texmf-dist/tex/latex/hyperref/pd1e
nc.def
File: pd1enc.def 2019/09/28 v7.00a Hyperref: PDFDocEncoding definition (HO)
Now handling font encoding PD1 ...
... no UTF-8 mapping file for font encoding PD1
)
\Hy@SavedSpaceFactor=\count133

(c:/Users/andersoned/AppData/Roaming/TinyTeX/texmf-dist/tex/latex/latexconfig/h
yperref.cfg
File: hyperref.cfg 2002/06/06 v1.2 hyperref configuration of TeXLive
)
Package hyperref Info: Hyper figures OFF on input line 4540.
Package hyperref Info: Link nesting OFF on input line 4545.
Package hyperref Info: Hyper index ON on input line 4548.
Package hyperref Info: Plain pages OFF on input line 4555.
Package hyperref Info: Backreferencing OFF on input line 4560.
Package hyperref Info: Implicit mode ON; LaTeX internals redefined.
Package hyperref Info: Bookmarks ON on input line 4793.
\c@Hy@tempcnt=\count134
LaTeX Info: Redefining \url on input line 5152.
\XeTeXLinkMargin=\dimen149
\Fld@menulength=\count135
\Field@Width=\dimen150
\Fld@charsize=\dimen151
Package hyperref Info: Hyper figures OFF on input line 6423.
Package hyperref Info: Link nesting OFF on input line 6428.
Package hyperref Info: Hyper index ON on input line 6431.
Package hyperref Info: backreferencing OFF on input line 6438.
Package hyperref Info: Link coloring OFF on input line 6443.
Package hyperref Info: Link coloring with OCG OFF on input line 6448.
Package hyperref Info: PDF/A mode OFF on input line 6453.
LaTeX Info: Redefining \ref on input line 6493.
LaTeX Info: Redefining \pageref on input line 6497.
\Hy@abspage=\count136
\c@Item=\count137
\c@Hfootnote=\count138
)
Package hyperref Info: Driver (autodetected): hpdftex.

(c:/Users/andersoned/AppData/Roaming/TinyTeX/texmf-dist/tex/latex/hyperref/hpdf
tex.def
File: hpdftex.def 2019/09/28 v7.00a Hyperref driver for pdfTeX
\Fld@listcount=\count139
\c@bookmark@seq@number=\count140

(c:/Users/andersoned/AppData/Roaming/TinyTeX/texmf-dist/tex/latex/oberdiek/reru
nfilecheck.sty
Package: rerunfilecheck 2016/05/16 v1.8 Rerun checks for auxiliary files (HO)
Package uniquecounter Info: New unique counter `rerunfilecheck' on input line 2
82.
)
\Hy@SectionHShift=\skip74
)
(c:/Users/andersoned/AppData/Roaming/TinyTeX/texmf-dist/tex/latex/pdfpages/pdfp
ages.sty
Package: pdfpages 2017/10/31 v0.5l Insert pages of external PDF documents (AM)

(c:/Users/andersoned/AppData/Roaming/TinyTeX/texmf-dist/tex/latex/eso-pic/eso-p
ic.sty
Package: eso-pic 2018/04/12 v2.0h eso-pic (RN)
)
\AM@pagewidth=\dimen152
\AM@pageheight=\dimen153

(c:/Users/andersoned/AppData/Roaming/TinyTeX/texmf-dist/tex/latex/pdfpages/pppd
ftex.def
File: pppdftex.def 2017/10/31 v0.5l Pdfpages driver for pdfTeX (AM)
)
\AM@pagebox=\box34
\AM@global@opts=\toks23
\AM@toc@title=\toks24
\c@AM@survey=\count141
\AM@templatesizebox=\box35
)
(c:/Users/andersoned/AppData/Roaming/TinyTeX/texmf-dist/tex/latex/base/fontenc.
sty
Package: fontenc 2018/08/11 v2.0j Standard LaTeX package

(c:/Users/andersoned/AppData/Roaming/TinyTeX/texmf-dist/tex/latex/base/t1enc.de
f
File: t1enc.def 2018/08/11 v2.0j Standard LaTeX file
LaTeX Font Info:    Redeclaring font encoding T1 on input line 48.
)) (c:/Users/andersoned/AppData/Roaming/TinyTeX/texmf-dist/tex/latex/doi/doi.st
y
Package: doi 2018/09/09 handle doi numbers
)
(c:/Users/andersoned/AppData/Roaming/TinyTeX/texmf-dist/tex/latex/appendix/appe
ndix.sty
Package: appendix 2009/09/02 v1.2b extra appendix facilities
\c@@pps=\count142
\c@@ppsavesec=\count143
\c@@ppsaveapp=\count144
)
(c:/Users/andersoned/AppData/Roaming/TinyTeX/texmf-dist/tex/latex/caption/subca
ption.sty
Package: subcaption 2019/09/01 v1.3a Sub-captions (AR)
\c@subfigure=\count145
\c@subtable=\count146
)
(c:/Users/andersoned/AppData/Roaming/TinyTeX/texmf-dist/tex/latex/pdfcomment/pd
fcomment.sty
Package: pdfcomment 2018/11/01 pdfcomment.sty v2.4a - Josef Kleber (C) 2008-201
2, 2015-2016, 2018

(c:/Users/andersoned/AppData/Roaming/TinyTeX/texmf-dist/tex/latex/xkeyval/xkeyv
al.sty
Package: xkeyval 2014/12/03 v2.7a package option processing (HA)

(c:/Users/andersoned/AppData/Roaming/TinyTeX/texmf-dist/tex/generic/xkeyval/xke
yval.tex
(c:/Users/andersoned/AppData/Roaming/TinyTeX/texmf-dist/tex/generic/xkeyval/xkv
utils.tex
\XKV@toks=\toks25
\XKV@tempa@toks=\toks26
)
\XKV@depth=\count147
File: xkeyval.tex 2014/12/03 v2.7a key=value parser (HA)
))
\c@pc@count@i=\count148
\c@pc@count@ii=\count149
\c@pc@count@iii=\count150
\c@pc@count@iv=\count151
\pc@mathannot@box=\box36
\pc@nullbox=\box37
\pc@dima=\skip75
\pc@dimb=\skip76
\pc@Sposx=\skip77
\pc@Sposy=\skip78
\pc@Eposx=\skip79
\pc@Eposy=\skip80
\pc@column=\skip81
\pc@box@width=\skip82
\pc@box@height=\skip83
\pc@box@depth=\skip84

(c:/Users/andersoned/AppData/Roaming/TinyTeX/texmf-dist/tex/latex/etoolbox/etoo
lbox.sty
Package: etoolbox 2019/09/21 v2.5h e-TeX tools for LaTeX (JAW)
\etb@tempcnta=\count152
)
(c:/Users/andersoned/AppData/Roaming/TinyTeX/texmf-dist/tex/latex/datetime2/dat
etime2.sty
Package: datetime2 2018/07/20 v1.5.3 (NLCT) date and time formats

(c:/Users/andersoned/AppData/Roaming/TinyTeX/texmf-dist/tex/latex/tracklang/tra
cklang.sty
Package: tracklang 2018/05/13 v1.3.6 (NLCT) Track Languages

(c:/Users/andersoned/AppData/Roaming/TinyTeX/texmf-dist/tex/generic/tracklang/t
racklang.tex))

Package datetime2 Warning: Date-Time Language Module `english' not installed on
 input line 1882.

)
(c:/Users/andersoned/AppData/Roaming/TinyTeX/texmf-dist/tex/latex/oberdiek/zref
-savepos.sty
Package: zref-savepos 2018/11/21 v2.27 Module savepos for zref (HO)

(c:/Users/andersoned/AppData/Roaming/TinyTeX/texmf-dist/tex/latex/oberdiek/zref
-base.sty
Package: zref-base 2018/11/21 v2.27 Module base for zref (HO)
Package zref Info: New property list: main on input line 759.
Package zref Info: New property: default on input line 760.
Package zref Info: New property: page on input line 761.
)
Package zref Info: New property list: savepos on input line 80.
Package zref Info: New property: posx on input line 81.
Package zref Info: New property: posy on input line 82.
)
\c@zref@unique=\count153

(c:/Users/andersoned/AppData/Roaming/TinyTeX/texmf-dist/tex/latex/marginnote/ma
rginnote.sty
Package: marginnote 2018/08/09 v1.4b non floating margin notes for LaTeX
\c@mn@abspage=\count154
)
(c:/Users/andersoned/AppData/Roaming/TinyTeX/texmf-dist/tex/latex/bezos/soulpos
.sty
Package: soulpos 2012/02/25 v1.1 Fancy underlining
\ulp@subcnt=\count155
\ulp@cnt=\count156
\ulp@out=\write3
\ulp@in=\read1
\ulwidth=\dimen154
)

Package hyperref Warning: Option `pdftex' has already been used,
(hyperref)                setting the option has no effect on input line 1369.

Package zref Info: New property list: pdfcomment on input line 2735.
Package zref Info: New property: PCPDFOBJID on input line 2736.
)
(c:/Users/andersoned/AppData/Roaming/TinyTeX/texmf-dist/tex/latex/chngcntr/chng
cntr.sty
Package: chngcntr 2018/04/09 v1.1a change counter resetting
Package chngcntr Info: \counterwithout already defined.
(chngcntr)             Quitting chngcntr on input line 21.
)
(c:/Users/andersoned/AppData/Roaming/TinyTeX/texmf-dist/tex/latex/makecell/make
cell.sty
Package: makecell 2009/08/03 V0.1e Managing of Tab Column Heads and Cells

(c:/Users/andersoned/AppData/Roaming/TinyTeX/texmf-dist/tex/latex/tools/array.s
ty
Package: array 2019/08/31 v2.4l Tabular extension package (FMi)
\col@sep=\dimen155
\ar@mcellbox=\box38
\extrarowheight=\dimen156
\NC@list=\toks27
\extratabsurround=\skip85
\backup@length=\skip86
\ar@cellbox=\box39
)
\rotheadsize=\dimen157
\c@nlinenum=\count157
\TeXr@lab=\toks28
)
(c:/Users/andersoned/AppData/Roaming/TinyTeX/texmf-dist/tex/latex/psnfss/helvet
.sty
Package: helvet 2005/04/12 PSNFSS-v9.2a (WaS) 
)
(c:/Users/andersoned/AppData/Roaming/TinyTeX/texmf-dist/tex/latex/tools/tabular
x.sty
Package: tabularx 2016/02/03 v2.11b `tabularx' package (DPC)
\TX@col@width=\dimen158
\TX@old@table=\dimen159
\TX@old@col=\dimen160
\TX@target=\dimen161
\TX@delta=\dimen162
\TX@cols=\count158
\TX@ftn=\toks29
)
(c:/Users/andersoned/AppData/Roaming/TinyTeX/texmf-dist/tex/latex/graphics/lsca
pe.sty
Package: lscape 2000/10/22 v3.01 Landscape Pages (DPC)
)
(c:/Users/andersoned/AppData/Roaming/TinyTeX/texmf-dist/tex/latex/textpos/textp
os.sty
Package: textpos 2019/04/15 v1.9.1
Package: textpos 2019/04/15 1.9.1, absolute positioning of text on the page

(c:/Users/andersoned/AppData/Roaming/TinyTeX/texmf-dist/tex/latex/ms/everyshi.s
ty
Package: everyshi 2001/05/15 v3.00 EveryShipout Package (MS)
)
\TP@textbox=\box40
\TP@holdbox=\box41
\TPHorizModule=\dimen163
\TPVertModule=\dimen164
\TP@margin=\dimen165
\TP@absmargin=\dimen166
Grid set 16 x 16 = 38.39343pt x 49.68562pt
\TPboxrulesize=\dimen167
\TP@ox=\dimen168
\TP@oy=\dimen169
\TP@tbargs=\toks30
\TP@prevdepth=\dimen170
TextBlockOrigin set to 0pt x 0pt
)
Package hyperref Info: Option `colorlinks' set `true' on input line 101.
Package hyperref Info: Option `plainpages' set `true' on input line 101.
\c@savesection=\count159
\c@apdxsection=\count160

(c:/Users/andersoned/AppData/Roaming/TinyTeX/texmf-dist/tex/latex/geometry/geom
etry.sty
Package: geometry 2018/04/16 v5.8 Page Geometry
\Gm@cnth=\count161
\Gm@cntv=\count162
\c@Gm@tempcnt=\count163
\Gm@bindingoffset=\dimen171
\Gm@wd@mp=\dimen172
\Gm@odd@mp=\dimen173
\Gm@even@mp=\dimen174
\Gm@layoutwidth=\dimen175
\Gm@layoutheight=\dimen176
\Gm@layouthoffset=\dimen177
\Gm@layoutvoffset=\dimen178
\Gm@dimlist=\toks31
))
(c:/Users/andersoned/AppData/Roaming/TinyTeX/texmf-dist/tex/latex/upquote/upquo
te.sty
Package: upquote 2012/04/19 v1.3 upright-quote and grave-accent glyphs in verba
tim
) (./techreport.aux)
\openout1 = `techreport.aux'.

LaTeX Font Info:    Checking defaults for OML/cmm/m/it on input line 94.
LaTeX Font Info:    ... okay on input line 94.
LaTeX Font Info:    Checking defaults for T1/cmr/m/n on input line 94.
LaTeX Font Info:    ... okay on input line 94.
LaTeX Font Info:    Checking defaults for OT1/cmr/m/n on input line 94.
LaTeX Font Info:    ... okay on input line 94.
LaTeX Font Info:    Checking defaults for OMS/cmsy/m/n on input line 94.
LaTeX Font Info:    ... okay on input line 94.
LaTeX Font Info:    Checking defaults for OMX/cmex/m/n on input line 94.
LaTeX Font Info:    ... okay on input line 94.
LaTeX Font Info:    Checking defaults for U/cmr/m/n on input line 94.
LaTeX Font Info:    ... okay on input line 94.
LaTeX Font Info:    Checking defaults for TS1/cmr/m/n on input line 94.
LaTeX Font Info:    Trying to load font information for TS1+cmr on input line 9
4.

(c:/Users/andersoned/AppData/Roaming/TinyTeX/texmf-dist/tex/latex/base/ts1cmr.f
d
File: ts1cmr.fd 2014/09/29 v2.5h Standard LaTeX font definitions
)
LaTeX Font Info:    ... okay on input line 94.
LaTeX Font Info:    Checking defaults for PD1/pdf/m/n on input line 94.
LaTeX Font Info:    ... okay on input line 94.
LaTeX Font Info:    Trying to load font information for T1+phv on input line 94
.

(c:/Users/andersoned/AppData/Roaming/TinyTeX/texmf-dist/tex/latex/psnfss/t1phv.
fd
File: t1phv.fd 2001/06/04 scalable font definitions for T1/phv.
)
(c:/Users/andersoned/AppData/Roaming/TinyTeX/texmf-dist/tex/latex/oberdiek/epst
opdf-base.sty
Package: epstopdf-base 2016/05/15 v2.6 Base part for package epstopdf

(c:/Users/andersoned/AppData/Roaming/TinyTeX/texmf-dist/tex/latex/oberdiek/grfe
xt.sty
Package: grfext 2016/05/16 v1.2 Manage graphics extensions (HO)
)
Package epstopdf-base Info: Redefining graphics rule for `.eps' on input line 4
38.
Package grfext Info: Graphics extension search list:
(grfext)             [.pdf,.png,.jpg,.mps,.jpeg,.jbig2,.jb2,.PDF,.PNG,.JPG,.JPE
G,.JBIG2,.JB2,.eps]
(grfext)             \AppendGraphicsExtensions on input line 456.

(c:/Users/andersoned/AppData/Roaming/TinyTeX/texmf-dist/tex/latex/latexconfig/e
pstopdf-sys.cfg
File: epstopdf-sys.cfg 2010/07/13 v1.3 Configuration of (r)epstopdf for TeX Liv
e
))
\symgns@font=\mathgroup4
LaTeX Font Info:    Overwriting symbol font `gns@font' in version `bold'
(Font)                  TS1/phv/m/n --> TS1/phv/bx/n on input line 94.
Package gensymb Info: Math companion symbols declared on input line 94.
LaTeX Info: Redefining \degree on input line 94.
LaTeX Info: Redefining \celsius on input line 94.
Package gensymb Info: Using text companion symbols for \degree, \celsius and \p
erthousand on input line 94.
LaTeX Info: Redefining \ohm on input line 94.
Package gensymb Info: Using \textohm for \ohm on input line 94.
Package gensymb Info: Using \textmu for \micro on input line 94.
LaTeX Info: Redefining \microtypecontext on input line 94.
Package microtype Info: Generating PDF output.
Package microtype Info: Character protrusion enabled (level 2).
Package microtype Info: Using default protrusion set `alltext'.
Package microtype Info: Automatic font expansion enabled (level 2),
(microtype)             stretch: 20, shrink: 20, step: 1, non-selected.
Package microtype Info: Using default expansion set `basictext'.

LaTeX Warning: Command \showhyphens  has changed.
               Check if current package is valid.

Package microtype Info: No adjustment of tracking.
Package microtype Info: No adjustment of interword spacing.
Package microtype Info: No adjustment of character kerning.
Package microtype Info: Loading generic protrusion settings for font family
(microtype)             `phv' (encoding: T1).
(microtype)             For optimal results, create family-specific settings.
(microtype)             See the microtype manual for details.
Package lastpage Info: Please have a look at the pageslts package at
(lastpage)             https://www.ctan.org/pkg/pageslts
(lastpage)             ! on input line 94.
Package caption Info: Begin \AtBeginDocument code.
Package caption Info: hyperref package is loaded.
Package caption Info: End \AtBeginDocument code.
\AtBeginShipoutBox=\box42
Package hyperref Info: Link coloring ON on input line 94.

(c:/Users/andersoned/AppData/Roaming/TinyTeX/texmf-dist/tex/latex/hyperref/name
ref.sty
Package: nameref 2019/09/16 v2.46 Cross-referencing by name of section

(c:/Users/andersoned/AppData/Roaming/TinyTeX/texmf-dist/tex/generic/oberdiek/ge
ttitlestring.sty
Package: gettitlestring 2016/05/16 v1.5 Cleanup title references (HO)
)
\c@section@level=\count164
)
LaTeX Info: Redefining \ref on input line 94.
LaTeX Info: Redefining \pageref on input line 94.
LaTeX Info: Redefining \nameref on input line 94.
(./techreport.out) (./techreport.out)
\@outlinefile=\write4
\openout4 = `techreport.out'.


(c:/Users/andersoned/AppData/Roaming/TinyTeX/texmf-dist/tex/latex/oberdiek/pdfl
scape.sty
Package: pdflscape 2016/05/14 v0.11 Display of landscape pages in PDF (HO)
Package pdflscape Info: Auto-detected driver: pdftex on input line 81.
)
Package soulpos Info: Loading soulutf8 on input line 94.

(c:/Users/andersoned/AppData/Roaming/TinyTeX/texmf-dist/tex/generic/oberdiek/so
ulutf8.sty
Package: soulutf8 2016/05/16 v1.1 Permit use of UTF-8 characters in soul (HO)

(c:/Users/andersoned/AppData/Roaming/TinyTeX/texmf-dist/tex/latex/soul/soul.sty
Package: soul 2003/11/17 v2.4 letterspacing/underlining (mf)
\SOUL@word=\toks32
\SOUL@lasttoken=\toks33
\SOUL@cmds=\toks34
\SOUL@buffer=\toks35
\SOUL@token=\toks36
\SOUL@spaceskip=\skip87
\SOUL@ttwidth=\dimen179
\SOUL@uldp=\dimen180
\SOUL@ulht=\dimen181
)) ABD: EveryShipout initializing macros
*geometry* driver: auto-detecting
*geometry* detected driver: pdftex
*geometry* verbose mode - [ preamble ] result:
* driver: pdftex
* paper: <default>
* layout: <same size as paper>
* layoutoffset:(h,v)=(0.0pt,0.0pt)
* modes: 
* h-part:(L,W,R)=(72.26999pt, 469.75502pt, 72.26999pt)
* v-part:(T,H,B)=(72.26999pt, 650.43001pt, 72.26999pt)
* \paperwidth=614.295pt
* \paperheight=794.96999pt
* \textwidth=469.75502pt
* \textheight=650.43001pt
* \oddsidemargin=0.0pt
* \evensidemargin=0.0pt
* \topmargin=-39.5pt
* \headheight=14.5pt
* \headsep=25.0pt
* \topskip=12.0pt
* \footskip=30.0pt
* \marginparwidth=44.0pt
* \marginparsep=10.0pt
* \columnsep=10.0pt
* \skip\footins=10.8pt plus 4.0pt minus 2.0pt
* \hoffset=0.0pt
* \voffset=0.0pt
* \mag=1000
* \@twocolumnfalse
* \@twosidefalse
* \@mparswitchfalse
* \@reversemarginfalse
* (1in=72.27pt=25.4mm, 1cm=28.453pt)

Package hyperref Info: Option `pageanchor' set `false' on input line 99.
LaTeX Font Info:    Font shape `T1/phv/bx/n' in size <17.28> not available
(Font)              Font shape `T1/phv/b/n' tried instead on input line 99.
LaTeX Font Info:    Font shape `T1/phv/bx/it' in size <17.28> not available
(Font)              Font shape `T1/phv/b/it' tried instead on input line 99.
LaTeX Font Info:    Font shape `T1/phv/b/it' in size <17.28> not available
(Font)              Font shape `T1/phv/b/sl' tried instead on input line 99.
LaTeX Font Info:    Trying to load font information for OT1+lmr on input line 9
9.
(c:/Users/andersoned/AppData/Roaming/TinyTeX/texmf-dist/tex/latex/lm/ot1lmr.fd
File: ot1lmr.fd 2009/10/30 v1.6 Font defs for Latin Modern
)
(c:/Users/andersoned/AppData/Roaming/TinyTeX/texmf-dist/tex/latex/microtype/mt-
cmr.cfg
File: mt-cmr.cfg 2013/05/19 v2.2 microtype config. file: Computer Modern Roman 
(RS)
)
LaTeX Font Info:    Trying to load font information for OML+lmm on input line 9
9.
(c:/Users/andersoned/AppData/Roaming/TinyTeX/texmf-dist/tex/latex/lm/omllmm.fd
File: omllmm.fd 2009/10/30 v1.6 Font defs for Latin Modern
)
LaTeX Font Info:    Trying to load font information for OMS+lmsy on input line 
99.

(c:/Users/andersoned/AppData/Roaming/TinyTeX/texmf-dist/tex/latex/lm/omslmsy.fd
File: omslmsy.fd 2009/10/30 v1.6 Font defs for Latin Modern
)
LaTeX Font Info:    Trying to load font information for OMX+lmex on input line 
99.

(c:/Users/andersoned/AppData/Roaming/TinyTeX/texmf-dist/tex/latex/lm/omxlmex.fd
File: omxlmex.fd 2009/10/30 v1.6 Font defs for Latin Modern
)
LaTeX Font Info:    External font `lmex10' loaded for size
(Font)              <14.4> on input line 99.
LaTeX Font Info:    External font `lmex10' loaded for size
(Font)              <10> on input line 99.
LaTeX Font Info:    External font `lmex10' loaded for size
(Font)              <7> on input line 99.
LaTeX Font Info:    Trying to load font information for TS1+phv on input line 9
9.

(c:/Users/andersoned/AppData/Roaming/TinyTeX/texmf-dist/tex/latex/psnfss/ts1phv
.fd
File: ts1phv.fd 2001/06/04 scalable font definitions for TS1/phv.
)
Package microtype Info: Loading generic protrusion settings for font family
(microtype)             `phv' (encoding: TS1).
(microtype)             For optimal results, create family-specific settings.
(microtype)             See the microtype manual for details.
<csas-style/images/LogoDFO.png, id=48, 1211.2452pt x 128.1588pt>
File: csas-style/images/LogoDFO.png Graphic file (type png)
<use csas-style/images/LogoDFO.png>
Package pdftex.def Info: csas-style/images/LogoDFO.png  used on input line 99.
(pdftex.def)             Requested size: 188.22159pt x 19.91692pt.
<csas-style/images/LogoCanada.jpg, id=49, 505.89pt x 159.4758pt>
File: csas-style/images/LogoCanada.jpg Graphic file (type jpg)
<use csas-style/images/LogoCanada.jpg>
Package pdftex.def Info: csas-style/images/LogoCanada.jpg  used on input line 9
9.
(pdftex.def)             Requested size: 63.17433pt x 19.91692pt.
[1

\openout3 = `techreport.upa'.

{c:/Users/andersoned/AppData/Roaming/TinyTeX/texmf-var/fonts/map/pdftex/updmap/
pdftex.map} <./csas-style/images/LogoDFO.png> <./csas-style/images/LogoCanada.j
pg>]
LaTeX Font Info:    Font shape `T1/phv/bx/n' in size <10> not available
(Font)              Font shape `T1/phv/b/n' tried instead on input line 99.
LaTeX Font Info:    Font shape `T1/phv/m/it' in size <10> not available
(Font)              Font shape `T1/phv/m/sl' tried instead on input line 99.
[2

]
Package hyperref Info: Option `pageanchor' set `true' on input line 99.
LaTeX Font Info:    Font shape `T1/phv/m/it' in size <10.95> not available
(Font)              Font shape `T1/phv/m/sl' tried instead on input line 99.
LaTeX Font Info:    External font `lmex10' loaded for size
(Font)              <10.95> on input line 99.
LaTeX Font Info:    External font `lmex10' loaded for size
(Font)              <8> on input line 99.
LaTeX Font Info:    External font `lmex10' loaded for size
(Font)              <6> on input line 99.
[1

] [2

]
LaTeX Font Info:    Font shape `T1/phv/bx/n' in size <10.95> not available
(Font)              Font shape `T1/phv/b/n' tried instead on input line 99.
(./techreport.toc)
\tf@toc=\write5
\openout5 = `techreport.toc'.

[3

] [4

] [5

]
<knitr-figs-pdf/testfig-1.png, id=103, 650.43pt x 401.9015pt>
File: knitr-figs-pdf/testfig-1.png Graphic file (type png)
<use knitr-figs-pdf/testfig-1.png>
Package pdftex.def Info: knitr-figs-pdf/testfig-1.png  used on input line 124.
(pdftex.def)             Requested size: 433.62pt x 267.94185pt.
File: knitr-figs-pdf/testfig-1.png Graphic file (type png)
<use knitr-figs-pdf/testfig-1.png>
Package pdftex.def Info: knitr-figs-pdf/testfig-1.png  used on input line 124.
(pdftex.def)             Requested size: 433.62pt x 267.94185pt.
File: knitr-figs-pdf/testfig-1.png Graphic file (type png)
<use knitr-figs-pdf/testfig-1.png>
Package pdftex.def Info: knitr-figs-pdf/testfig-1.png  used on input line 124.
(pdftex.def)             Requested size: 433.62pt x 267.94185pt.
File: knitr-figs-pdf/testfig-1.png Graphic file (type png)
<use knitr-figs-pdf/testfig-1.png>
Package pdftex.def Info: knitr-figs-pdf/testfig-1.png  used on input line 124.
(pdftex.def)             Requested size: 433.62pt x 267.94185pt.
pdfTeX warning (ext4): destination with the same identifier (name{page.1}) has 
been already used, duplicate ignored
<to be read again> 
                   \relax 
l.149 \clearpage
                 [1

 <./knitr-figs-pdf/testfig-1.png>]
Package marginnote Info: Using workaround for absolute page number on input lin
e 149.
LaTeX Font Info:    Font shape `T1/phv/bx/n' in size <8> not available
(Font)              Font shape `T1/phv/b/n' tried instead on input line 156.
pdfTeX warning (ext4): destination with the same identifier (name{page.2}) has 
been already used, duplicate ignored
<to be read again> 
                   \relax 
l.213 \end{longtable}
                      [2


]pdfTeX warning (ext4): destination with the same identifier (name{page.3}) has
 been already used, duplicate ignored
<to be read again> 
                   \relax 
l.214 \end{landscape}
                      [3]pdfTeX warning (ext4): destination with the same ident
ifier (name{page.4}) has been already used, duplicate ignored
<to be read again> 
                   \relax 
l.223 \begin{landscape}
                        [4


]pdfTeX warning (ext4): destination with the same identifier (name{page.5}) has
 been already used, duplicate ignored
<to be read again> 
                   \relax 
l.301 T
       OPE SHARK & NA & NA & NA & NA & NA & NA & NA & NA & NA & NA & NA & NA...
[5

] [6] [7

]
<knitr-figs-pdf/test1-1.png, id=143, 650.43pt x 401.9015pt>
File: knitr-figs-pdf/test1-1.png Graphic file (type png)
<use knitr-figs-pdf/test1-1.png>
Package pdftex.def Info: knitr-figs-pdf/test1-1.png  used on input line 332.
(pdftex.def)             Requested size: 433.62pt x 267.94185pt.
File: knitr-figs-pdf/test1-1.png Graphic file (type png)
<use knitr-figs-pdf/test1-1.png>
Package pdftex.def Info: knitr-figs-pdf/test1-1.png  used on input line 332.
(pdftex.def)             Requested size: 433.62pt x 267.94185pt.
File: knitr-figs-pdf/test1-1.png Graphic file (type png)
<use knitr-figs-pdf/test1-1.png>
Package pdftex.def Info: knitr-figs-pdf/test1-1.png  used on input line 332.
(pdftex.def)             Requested size: 433.62pt x 267.94185pt.
File: knitr-figs-pdf/test1-1.png Graphic file (type png)
<use knitr-figs-pdf/test1-1.png>
Package pdftex.def Info: knitr-figs-pdf/test1-1.png  used on input line 332.
(pdftex.def)             Requested size: 433.62pt x 267.94185pt.
[8

 <./knitr-figs-pdf/test1-1.png>] [9

] 
AED: lastpage setting LastPage
[10

]
Package atveryend Info: Empty hook `BeforeClearDocument' on input line 378.
Package atveryend Info: Empty hook `AfterLastShipout' on input line 378.
(./techreport.aux)
Package atveryend Info: Executing hook `AtVeryEndDocument' on input line 378.
Package atveryend Info: Executing hook `AtEndAfterFileList' on input line 378.
Package rerunfilecheck Info: File `techreport.out' has not changed.
(rerunfilecheck)             Checksum: 96A93C3B59934E7B3892854C93E9E654;522.
Package atveryend Info: Empty hook `AtVeryVeryEnd' on input line 378.
 ) 
Here is how much of TeX's memory you used:
 17555 strings out of 494111
 303415 string characters out of 6171976
 484822 words of memory out of 5000000
 21184 multiletter control sequences out of 15000+600000
 69423 words of font info for 129 fonts, out of 8000000 for 9000
 14 hyphenation exceptions out of 8191
 46i,14n,87p,1017b,549s stack positions out of 5000i,500n,10000p,200000b,80000s
{c:/Users/andersoned/AppData/Roaming/TinyTeX/texmf-dist/fonts/enc/dvips/lm/lm
-rm.enc}{c:/Users/andersoned/AppData/Roaming/TinyTeX/texmf-dist/fonts/enc/dvips
/base/8r.enc}<c:/Users/andersoned/AppData/Roaming/TinyTeX/texmf-dist/fonts/type
1/public/lm/lmr10.pfb><c:/Users/andersoned/AppData/Roaming/TinyTeX/texmf-dist/f
onts/type1/urw/helvetic/uhvb8a.pfb><c:/Users/andersoned/AppData/Roaming/TinyTeX
/texmf-dist/fonts/type1/urw/helvetic/uhvbo8a.pfb><c:/Users/andersoned/AppData/R
oaming/TinyTeX/texmf-dist/fonts/type1/urw/helvetic/uhvr8a.pfb><c:/Users/anderso
ned/AppData/Roaming/TinyTeX/texmf-dist/fonts/type1/urw/helvetic/uhvro8a.pfb>
Output written on techreport.pdf (17 pages, 247583 bytes).
PDF statistics:
 197 PDF objects out of 1000 (max. 8388607)
 165 compressed objects within 2 object streams
 38 named destinations out of 1000 (max. 500000)
 39021 words of extra memory for PDF output out of 42996 (max. 10000000)

